<?xml version="1.0" encoding="UTF-8" ?>
<testsuite tests="26" failures="0" name="com.mindtree.subi.musictest.TestRunner" time="0.024" errors="2" skipped="0">
  <properties>
    <property name="java.runtime.name" value="Java(TM) SE Runtime Environment"/>
    <property name="sun.boot.library.path" value="C:\Program Files\Java\jdk1.8.0_281\jre\bin"/>
    <property name="java.vm.version" value="25.281-b09"/>
    <property name="java.vm.vendor" value="Oracle Corporation"/>
    <property name="maven.multiModuleProjectDirectory" value="C:\SubiWorkspaceHome\IntellijWorkspaceHome\MindTreeAPITesting\mindtree-musicapi-test"/>
    <property name="java.vendor.url" value="http://java.oracle.com/"/>
    <property name="path.separator" value=";"/>
    <property name="guice.disable.misplaced.annotation.check" value="true"/>
    <property name="java.vm.name" value="Java HotSpot(TM) 64-Bit Server VM"/>
    <property name="file.encoding.pkg" value="sun.io"/>
    <property name="user.script" value=""/>
    <property name="user.country" value="GB"/>
    <property name="sun.java.launcher" value="SUN_STANDARD"/>
    <property name="sun.os.patch.level" value=""/>
    <property name="java.vm.specification.name" value="Java Virtual Machine Specification"/>
    <property name="user.dir" value="C:\SubiWorkspaceHome\IntellijWorkspaceHome\MindTreeAPITesting\mindtree-musicapi-test"/>
    <property name="java.runtime.version" value="1.8.0_281-b09"/>
    <property name="java.awt.graphicsenv" value="sun.awt.Win32GraphicsEnvironment"/>
    <property name="java.endorsed.dirs" value="C:\Program Files\Java\jdk1.8.0_281\jre\lib\endorsed"/>
    <property name="os.arch" value="amd64"/>
    <property name="java.io.tmpdir" value="C:\Users\santh\AppData\Local\Temp\"/>
    <property name="line.separator" value="
"/>
    <property name="java.vm.specification.vendor" value="Oracle Corporation"/>
    <property name="user.variant" value=""/>
    <property name="os.name" value="Windows 10"/>
    <property name="classworlds.conf" value="C:\Program Files\Apache\Maven\apache-maven-3.6.3\bin\..\bin\m2.conf"/>
    <property name="sun.jnu.encoding" value="Cp1252"/>
    <property name="java.library.path" value="C:\Program Files\Java\jdk1.8.0_281\bin;C:\Windows\Sun\Java\bin;C:\Windows\system32;C:\Windows;C:\Program Files\Cmder\vendor\bin;C:\Program Files\Cmder\vendor\conemu-maximus5\ConEmu\Scripts;C:\Program Files\Cmder\vendor\conemu-maximus5;C:\Program Files\Cmder\vendor\conemu-maximus5\ConEmu;C:\Program Files\Java\jdk1.8.0_281\bin;C:\Program Files\Common Files\Oracle\Java\javapath;C:\Program Files (x86)\Common Files\Oracle\Java\javapath;C:\Windows\system32;C:\Windows;C:\Windows\System32\Wbem;C:\Windows\System32\WindowsPowerShell\v1.0\;C:\Windows\System32\OpenSSH\;C:\Program Files (x86)\NVIDIA Corporation\PhysX\Common;C:\Program Files\NVIDIA Corporation\NVIDIA NvDLISR;C:\Program Files\Git\cmd;C:\Program Files\TortoiseGit\bin;C:\Program Files\Apache\Maven\apache-maven-3.6.3\bin;C:\Program Files\Cmder;C:\Program Files\Apache\Groovy.zip\groovy-3.0.7\bin;C:\Program Files\Eclipse\sts-4.10.0.RELEASE;C:\Program Files\Eclipse\jee-2021-03\eclipse;C:\Program Files\Microsoft\Microsoft VS Code\bin;C:\Program Files (x86)\Microsoft SQL Server\150\DTS\Binn\;C:\Program Files\Azure Data Studio\bin;C:\Program Files\PuTTY\;C:\Users\santh\AppData\Local\Microsoft\WindowsApps;C:\Program Files\Git\mingw64\bin;C:\Program Files\Git\usr\bin;."/>
    <property name="maven.conf" value="C:\Program Files\Apache\Maven\apache-maven-3.6.3\bin\../conf"/>
    <property name="java.specification.name" value="Java Platform API Specification"/>
    <property name="java.class.version" value="52.0"/>
    <property name="sun.management.compiler" value="HotSpot 64-Bit Tiered Compilers"/>
    <property name="os.version" value="10.0"/>
    <property name="library.jansi.path" value="C:\Program Files\Apache\Maven\apache-maven-3.6.3\bin\..\lib\jansi-native"/>
    <property name="user.home" value="C:\Users\santh"/>
    <property name="user.timezone" value="Europe/London"/>
    <property name="java.awt.printerjob" value="sun.awt.windows.WPrinterJob"/>
    <property name="java.specification.version" value="1.8"/>
    <property name="file.encoding" value="Cp1252"/>
    <property name="user.name" value="Santhosh"/>
    <property name="java.class.path" value="C:\Program Files\Apache\Maven\apache-maven-3.6.3\bin\..\boot\plexus-classworlds-2.6.0.jar"/>
    <property name="java.vm.specification.version" value="1.8"/>
    <property name="sun.arch.data.model" value="64"/>
    <property name="java.home" value="C:\Program Files\Java\jdk1.8.0_281\jre"/>
    <property name="sun.java.command" value="org.codehaus.plexus.classworlds.launcher.Launcher clean install"/>
    <property name="java.specification.vendor" value="Oracle Corporation"/>
    <property name="user.language" value="en"/>
    <property name="awt.toolkit" value="sun.awt.windows.WToolkit"/>
    <property name="java.vm.info" value="mixed mode"/>
    <property name="java.version" value="1.8.0_281"/>
    <property name="java.ext.dirs" value="C:\Program Files\Java\jdk1.8.0_281\jre\lib\ext;C:\Windows\Sun\Java\lib\ext"/>
    <property name="sun.boot.class.path" value="C:\Program Files\Java\jdk1.8.0_281\jre\lib\resources.jar;C:\Program Files\Java\jdk1.8.0_281\jre\lib\rt.jar;C:\Program Files\Java\jdk1.8.0_281\jre\lib\sunrsasign.jar;C:\Program Files\Java\jdk1.8.0_281\jre\lib\jsse.jar;C:\Program Files\Java\jdk1.8.0_281\jre\lib\jce.jar;C:\Program Files\Java\jdk1.8.0_281\jre\lib\charsets.jar;C:\Program Files\Java\jdk1.8.0_281\jre\lib\jfr.jar;C:\Program Files\Java\jdk1.8.0_281\jre\classes"/>
    <property name="sun.stderr.encoding" value="cp437"/>
    <property name="java.vendor" value="Oracle Corporation"/>
    <property name="maven.home" value="C:\Program Files\Apache\Maven\apache-maven-3.6.3\bin\.."/>
    <property name="file.separator" value="\"/>
    <property name="java.vendor.url.bug" value="http://bugreport.sun.com/bugreport/"/>
    <property name="sun.cpu.endian" value="little"/>
    <property name="sun.io.unicode.encoding" value="UnicodeLittle"/>
    <property name="sun.stdout.encoding" value="cp437"/>
    <property name="sun.desktop" value="windows"/>
    <property name="sun.cpu.isalist" value="amd64"/>
  </properties>
  <testcase classname="Given API service is up and running     " name="Given API service is up and running     " time="0"/>
  <testcase classname="When OTT Platform Media API is called in using GET      " name="When OTT Platform Media API is called in using GET      " time="0"/>
  <testcase classname="Then Verified Return status code is 200       " name="Then Verified Return status code is 200       " time="0"/>
  <testcase classname="And Verified Response time is within &quot;1000&quot; milliseconds        " name="And Verified Response time is within &quot;1000&quot; milliseconds        " time="0.008">
    <error message="org.hamcrest.Matcher.describeMismatch(Ljava/lang/Object;Lorg/hamcrest/Description;)V" type="java.lang.NoSuchMethodError">java.lang.NoSuchMethodError: org.hamcrest.Matcher.describeMismatch(Ljava/lang/Object;Lorg/hamcrest/Description;)V
	at org.hamcrest.MatcherAssert.assertThat(MatcherAssert.java:16)
	at com.mindtree.subi.musictest.stepdef.MusicTrackStepDef.validateResponseTime(MusicTrackStepDef.java:48)
	at ✽.And Verified Response time is within &quot;1000&quot; milliseconds(features\MusicTrack.feature:8)
</error>
    <system-out>&amp;#27;[1A    &amp;#27;[32mThen &amp;#27;[0m&amp;#27;[32mVerified Return status code is &amp;#27;[0m&amp;#27;[32m&amp;#27;[1m200&amp;#27;[0m                                            &amp;#27;[90m# MusicTrackStepDef.validateResponseStatusCode(int)&amp;#27;[0m
    &amp;#27;[90mAnd &amp;#27;[0m&amp;#27;[90mVerified Response time is within &quot;&amp;#27;[0m&amp;#27;[90m&amp;#27;[1m1000&amp;#27;[0m&amp;#27;[90m&quot; milliseconds&amp;#27;[0m                           &amp;#27;[90m# MusicTrackStepDef.validateResponseTime(String)&amp;#27;[0m




 ****** Response Time : 1489 ****** 




</system-out>
  </testcase>
  <testcase classname="| 1000 |    " name="| 1000 |    " time="0.008">
    <error message="org.hamcrest.Matcher.describeMismatch(Ljava/lang/Object;Lorg/hamcrest/Description;)V" type="java.lang.NoSuchMethodError">java.lang.NoSuchMethodError: org.hamcrest.Matcher.describeMismatch(Ljava/lang/Object;Lorg/hamcrest/Description;)V
	at org.hamcrest.MatcherAssert.assertThat(MatcherAssert.java:16)
	at com.mindtree.subi.musictest.stepdef.MusicTrackStepDef.validateResponseTime(MusicTrackStepDef.java:48)
	at ✽.And Verified Response time is within &quot;1000&quot; milliseconds(features\MusicTrack.feature:8)
</error>
  </testcase>
  <testcase classname="Given API service is up and running            " name="Given API service is up and running            " time="0"/>
  <testcase classname="When OTT Platform Media API is called in using GET             " name="When OTT Platform Media API is called in using GET             " time="0"/>
  <testcase classname="Then Verified the id is not null or empty for all the items              " name="Then Verified the id is not null or empty for all the items              " time="0"/>
  <testcase classname="And Verified the segment_type is &quot;music&quot; for every track               " name="And Verified the segment_type is &quot;music&quot; for every track               " time="0"/>
  <testcase classname="| music |           " name="| music |           " time="0"/>
  <testcase classname="Given API service is up and running                 " name="Given API service is up and running                 " time="0"/>
  <testcase classname="When OTT Platform Media API is called in using GET                  " name="When OTT Platform Media API is called in using GET                  " time="0"/>
  <testcase classname="Then Verified Return status code is 200                   " name="Then Verified Return status code is 200                   " time="0"/>
  <testcase classname="And Verified the primary field in title_list is not null or empty in any track                    " name="And Verified the primary field in title_list is not null or empty in any track                    " time="0"/>
  <testcase classname="Scenario: Media API call is successful and verify primary field is not null or empty                " name="Scenario: Media API call is successful and verify primary field is not null or empty                " time="0"/>
  <testcase classname="Given API service is up and running                      " name="Given API service is up and running                      " time="0"/>
  <testcase classname="When OTT Platform Media API is called in using GET                       " name="When OTT Platform Media API is called in using GET                       " time="0"/>
  <testcase classname="Then Verified Return status code is 200                        " name="Then Verified Return status code is 200                        " time="0"/>
  <testcase classname="And Verified only one Now_playing field in offset is true                         " name="And Verified only one Now_playing field in offset is true                         " time="0"/>
  <testcase classname="Scenario: Media API call is successful and  verify only one now_playing field is true                     " name="Scenario: Media API call is successful and  verify only one now_playing field is true                     " time="0.008"/>
  <testcase classname="Scenario:                           " name="Scenario:                           " time="0"/>
  <testcase classname="Given API service is up and running                            " name="Given API service is up and running                            " time="0"/>
  <testcase classname="When OTT Platform Media API is called in using GET                             " name="When OTT Platform Media API is called in using GET                             " time="0"/>
  <testcase classname="Then Verified Return status code is 200                              " name="Then Verified Return status code is 200                              " time="0"/>
  <testcase classname="And Verified Date Value in Header                               " name="And Verified Date Value in Header                               " time="0"/>
  <testcase classname="Scenario: Media API call is successful and verify the Date Value in header                           " name="Scenario: Media API call is successful and verify the Date Value in header                           " time="0"/>
</testsuite>